<?xml version="1.0" encoding="UTF-8"?>
<!-- Generated by org.testng.reporters.JUnitXMLReporter -->
<testsuite ignored="0" hostname="DESKTOP-IL5NH6I" failures="0" tests="1" name="Test-Runner_Firefox" time="36.118" errors="0" timestamp="2022-05-06T13:30:11 IST">
  <testcase classname="com.crm.contactsexcell2.CreateAccountWithMandatoryField" name="creatCon" time="22.153"/>
</testsuite> <!-- Test-Runner_Firefox -->
