<?xml version="1.0" encoding="UTF-8"?>
<!-- Generated by org.testng.reporters.JUnitXMLReporter -->
<testsuite ignored="0" hostname="DESKTOP-IL5NH6I" failures="0" tests="1" name="Test-Runner_Chrome" time="39.6" errors="0" timestamp="2022-05-06T13:30:14 IST">
  <testcase classname="com.crm.contactsexcell2.CreateAccountWithMandatoryField" name="creatCon" time="23.374"/>
</testsuite> <!-- Test-Runner_Chrome -->
