<?xml version="1.0" encoding="UTF-8"?>
<!-- Generated by org.testng.reporters.JUnitReportReporter -->
<testsuite hostname="DESKTOP-IL5NH6I" failures="0" tests="1" name="com.crm.organiexcell2.CreateAccountWithMandatoryField" time="8.821" errors="0" timestamp="2022-05-06T15:28:17 IST" skipped="0">
  <testcase classname="com.crm.organiexcell2.CreateAccountWithMandatoryField" name="testName" time="8.821"/>
  <system-out/>
</testsuite> <!-- com.crm.organiexcell2.CreateAccountWithMandatoryField -->
