<?xml version="1.0" encoding="UTF-8"?>
<!-- Generated by org.testng.reporters.JUnitReportReporter -->
<testsuite hostname="DESKTOP-IL5NH6I" failures="0" tests="1" name="com.crm.contactsexcell2.Asserts$CreateAccountWithMandatoryField" time="29.860" errors="0" timestamp="2022-05-06T15:33:40 IST" skipped="0">
  <testcase classname="com.crm.contactsexcell2.Asserts$CreateAccountWithMandatoryField" name="creatCon" time="29.860"/>
  <system-out/>
</testsuite> <!-- com.crm.contactsexcell2.Asserts$CreateAccountWithMandatoryField -->
