<?xml version="1.0" encoding="UTF-8"?>
<!-- Generated by org.testng.reporters.JUnitReportReporter -->
<testsuite hostname="DESKTOP-IL5NH6I" failures="0" tests="1" name="com.crm.contactsexcell2.Asserts1$CreateAccountWithMandatoryField" time="31.233" errors="0" timestamp="2022-05-06T15:50:59 IST" skipped="0">
  <testcase classname="com.crm.contactsexcell2.Asserts1$CreateAccountWithMandatoryField" name="creatCon" time="31.233"/>
  <system-out/>
</testsuite> <!-- com.crm.contactsexcell2.Asserts1$CreateAccountWithMandatoryField -->
