<?xml version="1.0" encoding="UTF-8"?>
<!-- Generated by org.testng.reporters.JUnitReportReporter -->
<testsuite hostname="DESKTOP-IL5NH6I" failures="0" tests="1" name="com.crm.contactsexcell2.CreateAccountWithMandatoryField" time="28.841" errors="0" timestamp="2022-05-06T15:15:14 IST" skipped="0">
  <testcase classname="com.crm.contactsexcell2.CreateAccountWithMandatoryField" name="creatCon" time="28.841"/>
  <system-out/>
</testsuite> <!-- com.crm.contactsexcell2.CreateAccountWithMandatoryField -->
